<?xml version="1.0" encoding="UTF-8"?>
<coverage generated="1588731728566" clover="3.2.0">
  <project timestamp="1588731728566" name="All files">
    <metrics statements="50" coveredstatements="43" conditionals="6" coveredconditionals="5" methods="18" coveredmethods="12" elements="74" coveredelements="60" complexity="0" loc="50" ncloc="50" packages="1" files="4" classes="4"/>
    <file name="App.jsx" path="/Users/whisly/Documents/HR/FEC/Tony_AirBnB_Service/client/components/App.jsx">
      <metrics statements="13" coveredstatements="8" conditionals="0" coveredconditionals="0" methods="8" coveredmethods="4"/>
      <line num="7" count="4" type="stmt"/>
      <line num="9" count="4" type="stmt"/>
      <line num="14" count="4" type="stmt"/>
      <line num="15" count="4" type="stmt"/>
      <line num="16" count="4" type="stmt"/>
      <line num="20" count="0" type="stmt"/>
      <line num="24" count="0" type="stmt"/>
      <line num="28" count="4" type="stmt"/>
      <line num="30" count="0" type="stmt"/>
      <line num="31" count="0" type="stmt"/>
      <line num="33" count="0" type="stmt"/>
      <line num="37" count="5" type="stmt"/>
      <line num="41" count="8" type="stmt"/>
    </file>
    <file name="Overview.jsx" path="/Users/whisly/Documents/HR/FEC/Tony_AirBnB_Service/client/components/Overview.jsx">
      <metrics statements="5" coveredstatements="5" conditionals="0" coveredconditionals="0" methods="1" coveredmethods="1"/>
      <line num="6" count="3" type="stmt"/>
      <line num="14" count="3" type="stmt"/>
      <line num="23" count="3" type="stmt"/>
      <line num="30" count="3" type="stmt"/>
      <line num="31" count="9" type="stmt"/>
    </file>
    <file name="ReviewsSummary.jsx" path="/Users/whisly/Documents/HR/FEC/Tony_AirBnB_Service/client/components/ReviewsSummary.jsx">
      <metrics statements="9" coveredstatements="9" conditionals="0" coveredconditionals="0" methods="1" coveredmethods="1"/>
      <line num="4" count="3" type="stmt"/>
      <line num="10" count="3" type="stmt"/>
      <line num="19" count="3" type="stmt"/>
      <line num="25" count="3" type="stmt"/>
      <line num="35" count="3" type="stmt"/>
      <line num="40" count="3" type="stmt"/>
      <line num="47" count="3" type="stmt"/>
      <line num="51" count="3" type="stmt"/>
      <line num="52" count="8" type="stmt"/>
    </file>
    <file name="SearchReview.jsx" path="/Users/whisly/Documents/HR/FEC/Tony_AirBnB_Service/client/components/SearchReview.jsx">
      <metrics statements="23" coveredstatements="21" conditionals="6" coveredconditionals="5" methods="8" coveredmethods="6"/>
      <line num="5" count="3" type="stmt"/>
      <line num="7" count="8" type="cond" truecount="1" falsecount="1"/>
      <line num="15" count="3" type="stmt"/>
      <line num="24" count="3" type="stmt"/>
      <line num="35" count="3" type="stmt"/>
      <line num="43" count="8" type="cond" truecount="2" falsecount="0"/>
      <line num="47" count="3" type="stmt"/>
      <line num="48" count="3" type="stmt"/>
      <line num="49" count="3" type="stmt"/>
      <line num="50" count="3" type="stmt"/>
      <line num="54" count="8" type="stmt"/>
      <line num="56" count="8" type="stmt"/>
      <line num="60" count="8" type="stmt"/>
      <line num="61" count="8" type="stmt"/>
      <line num="62" count="8" type="stmt"/>
      <line num="63" count="8" type="stmt"/>
      <line num="68" count="0" type="stmt"/>
      <line num="72" count="0" type="stmt"/>
      <line num="76" count="1" type="stmt"/>
      <line num="77" count="1" type="stmt"/>
      <line num="81" count="1" type="stmt"/>
      <line num="85" count="13" type="stmt"/>
      <line num="86" count="13" type="stmt"/>
    </file>
  </project>
</coverage>
