{"/Users/whisly/Documents/HR/FEC/Tony_AirBnB_Service/client/components/App.jsx": {"path":"/Users/whisly/Documents/HR/FEC/Tony_AirBnB_Service/client/components/App.jsx","statementMap":{"0":{"start":{"line":7,"column":4},"end":{"line":7,"column":17}},"1":{"start":{"line":9,"column":4},"end":{"line":12,"column":6}},"2":{"start":{"line":14,"column":4},"end":{"line":14,"column":63}},"3":{"start":{"line":15,"column":4},"end":{"line":15,"column":49}},"4":{"start":{"line":16,"column":4},"end":{"line":16,"column":55}},"5":{"start":{"line":20,"column":4},"end":{"line":20,"column":44}},"6":{"start":{"line":24,"column":4},"end":{"line":24,"column":40}},"7":{"start":{"line":28,"column":4},"end":{"line":33,"column":44}},"8":{"start":{"line":30,"column":8},"end":{"line":30,"column":28}},"9":{"start":{"line":31,"column":8},"end":{"line":31,"column":51}},"10":{"start":{"line":33,"column":24},"end":{"line":33,"column":42}},"11":{"start":{"line":37,"column":4},"end":{"line":37,"column":25}},"12":{"start":{"line":41,"column":4},"end":{"line":50,"column":6}}},"fnMap":{"0":{"name":"(anonymous_0)","decl":{"start":{"line":6,"column":2},"end":{"line":6,"column":3}},"loc":{"start":{"line":6,"column":21},"end":{"line":17,"column":3}},"line":6},"1":{"name":"(anonymous_1)","decl":{"start":{"line":19,"column":2},"end":{"line":19,"column":3}},"loc":{"start":{"line":19,"column":28},"end":{"line":21,"column":3}},"line":19},"2":{"name":"(anonymous_2)","decl":{"start":{"line":23,"column":2},"end":{"line":23,"column":3}},"loc":{"start":{"line":23,"column":15},"end":{"line":25,"column":3}},"line":23},"3":{"name":"(anonymous_3)","decl":{"start":{"line":27,"column":2},"end":{"line":27,"column":3}},"loc":{"start":{"line":27,"column":18},"end":{"line":34,"column":3}},"line":27},"4":{"name":"(anonymous_4)","decl":{"start":{"line":29,"column":12},"end":{"line":29,"column":13}},"loc":{"start":{"line":29,"column":24},"end":{"line":32,"column":7}},"line":29},"5":{"name":"(anonymous_5)","decl":{"start":{"line":33,"column":13},"end":{"line":33,"column":14}},"loc":{"start":{"line":33,"column":24},"end":{"line":33,"column":42}},"line":33},"6":{"name":"(anonymous_6)","decl":{"start":{"line":36,"column":2},"end":{"line":36,"column":3}},"loc":{"start":{"line":36,"column":22},"end":{"line":38,"column":3}},"line":36},"7":{"name":"(anonymous_7)","decl":{"start":{"line":40,"column":2},"end":{"line":40,"column":3}},"loc":{"start":{"line":40,"column":11},"end":{"line":51,"column":3}},"line":40}},"branchMap":{},"s":{"0":4,"1":4,"2":4,"3":4,"4":4,"5":0,"6":0,"7":4,"8":0,"9":0,"10":0,"11":5,"12":8},"f":{"0":4,"1":0,"2":0,"3":4,"4":0,"5":0,"6":5,"7":8},"b":{},"_coverageSchema":"1a1c01bbd47fc00a2c39e90264f33305004495a9","hash":"303ac6db3fe9281d3530a9c97b3908fc3ab33576"}
,"/Users/whisly/Documents/HR/FEC/Tony_AirBnB_Service/client/components/Overview.jsx": {"path":"/Users/whisly/Documents/HR/FEC/Tony_AirBnB_Service/client/components/Overview.jsx","statementMap":{"0":{"start":{"line":6,"column":22},"end":{"line":12,"column":1}},"1":{"start":{"line":14,"column":21},"end":{"line":21,"column":1}},"2":{"start":{"line":23,"column":19},"end":{"line":27,"column":1}},"3":{"start":{"line":30,"column":17},"end":{"line":42,"column":1}},"4":{"start":{"line":31,"column":2},"end":{"line":41,"column":18}}},"fnMap":{"0":{"name":"(anonymous_0)","decl":{"start":{"line":30,"column":17},"end":{"line":30,"column":18}},"loc":{"start":{"line":31,"column":2},"end":{"line":41,"column":18}},"line":31}},"branchMap":{},"s":{"0":3,"1":3,"2":3,"3":3,"4":9},"f":{"0":9},"b":{},"_coverageSchema":"1a1c01bbd47fc00a2c39e90264f33305004495a9","hash":"2db957a7948cae9090e238f41265ae2466dad9b7"}
,"/Users/whisly/Documents/HR/FEC/Tony_AirBnB_Service/client/components/ReviewsSummary.jsx": {"path":"/Users/whisly/Documents/HR/FEC/Tony_AirBnB_Service/client/components/ReviewsSummary.jsx","statementMap":{"0":{"start":{"line":4,"column":20},"end":{"line":8,"column":1}},"1":{"start":{"line":10,"column":16},"end":{"line":17,"column":1}},"2":{"start":{"line":19,"column":14},"end":{"line":23,"column":1}},"3":{"start":{"line":25,"column":16},"end":{"line":33,"column":1}},"4":{"start":{"line":35,"column":18},"end":{"line":38,"column":1}},"5":{"start":{"line":40,"column":18},"end":{"line":45,"column":1}},"6":{"start":{"line":47,"column":20},"end":{"line":49,"column":1}},"7":{"start":{"line":51,"column":23},"end":{"line":67,"column":1}},"8":{"start":{"line":52,"column":2},"end":{"line":66,"column":16}}},"fnMap":{"0":{"name":"(anonymous_0)","decl":{"start":{"line":51,"column":23},"end":{"line":51,"column":24}},"loc":{"start":{"line":52,"column":2},"end":{"line":66,"column":16}},"line":52}},"branchMap":{},"s":{"0":3,"1":3,"2":3,"3":3,"4":3,"5":3,"6":3,"7":3,"8":8},"f":{"0":8},"b":{},"_coverageSchema":"1a1c01bbd47fc00a2c39e90264f33305004495a9","hash":"96c4a14bf83ee819f6dd9953b0c3803500393979"}
,"/Users/whisly/Documents/HR/FEC/Tony_AirBnB_Service/client/components/SearchReview.jsx": {"path":"/Users/whisly/Documents/HR/FEC/Tony_AirBnB_Service/client/components/SearchReview.jsx","statementMap":{"0":{"start":{"line":5,"column":19},"end":{"line":13,"column":1}},"1":{"start":{"line":7,"column":33},"end":{"line":7,"column":66}},"2":{"start":{"line":15,"column":20},"end":{"line":22,"column":1}},"3":{"start":{"line":24,"column":19},"end":{"line":33,"column":1}},"4":{"start":{"line":35,"column":19},"end":{"line":45,"column":1}},"5":{"start":{"line":43,"column":15},"end":{"line":43,"column":116}},"6":{"start":{"line":47,"column":0},"end":{"line":47,"column":40}},"7":{"start":{"line":48,"column":0},"end":{"line":48,"column":38}},"8":{"start":{"line":49,"column":0},"end":{"line":49,"column":38}},"9":{"start":{"line":50,"column":0},"end":{"line":50,"column":38}},"10":{"start":{"line":54,"column":4},"end":{"line":54,"column":17}},"11":{"start":{"line":56,"column":4},"end":{"line":58,"column":6}},"12":{"start":{"line":60,"column":4},"end":{"line":60,"column":55}},"13":{"start":{"line":61,"column":4},"end":{"line":61,"column":53}},"14":{"start":{"line":62,"column":4},"end":{"line":62,"column":53}},"15":{"start":{"line":63,"column":4},"end":{"line":63,"column":63}},"16":{"start":{"line":68,"column":4},"end":{"line":68,"column":39}},"17":{"start":{"line":72,"column":4},"end":{"line":72,"column":40}},"18":{"start":{"line":76,"column":34},"end":{"line":76,"column":39}},"19":{"start":{"line":77,"column":4},"end":{"line":77,"column":40}},"20":{"start":{"line":81,"column":4},"end":{"line":81,"column":28}},"21":{"start":{"line":85,"column":20},"end":{"line":85,"column":40}},"22":{"start":{"line":86,"column":4},"end":{"line":98,"column":6}}},"fnMap":{"0":{"name":"(anonymous_0)","decl":{"start":{"line":7,"column":22},"end":{"line":7,"column":23}},"loc":{"start":{"line":7,"column":33},"end":{"line":7,"column":66}},"line":7},"1":{"name":"(anonymous_1)","decl":{"start":{"line":43,"column":4},"end":{"line":43,"column":5}},"loc":{"start":{"line":43,"column":15},"end":{"line":43,"column":116}},"line":43},"2":{"name":"(anonymous_2)","decl":{"start":{"line":53,"column":2},"end":{"line":53,"column":3}},"loc":{"start":{"line":53,"column":21},"end":{"line":64,"column":3}},"line":53},"3":{"name":"(anonymous_3)","decl":{"start":{"line":67,"column":2},"end":{"line":67,"column":3}},"loc":{"start":{"line":67,"column":18},"end":{"line":69,"column":3}},"line":67},"4":{"name":"(anonymous_4)","decl":{"start":{"line":71,"column":2},"end":{"line":71,"column":3}},"loc":{"start":{"line":71,"column":17},"end":{"line":73,"column":3}},"line":71},"5":{"name":"(anonymous_5)","decl":{"start":{"line":75,"column":2},"end":{"line":75,"column":3}},"loc":{"start":{"line":75,"column":22},"end":{"line":78,"column":3}},"line":75},"6":{"name":"(anonymous_6)","decl":{"start":{"line":80,"column":2},"end":{"line":80,"column":3}},"loc":{"start":{"line":80,"column":22},"end":{"line":82,"column":3}},"line":80},"7":{"name":"(anonymous_7)","decl":{"start":{"line":84,"column":2},"end":{"line":84,"column":3}},"loc":{"start":{"line":84,"column":11},"end":{"line":99,"column":3}},"line":84}},"branchMap":{"0":{"loc":{"start":{"line":7,"column":33},"end":{"line":7,"column":66}},"type":"cond-expr","locations":[{"start":{"line":7,"column":51},"end":{"line":7,"column":57}},{"start":{"line":7,"column":60},"end":{"line":7,"column":66}}],"line":7},"1":{"loc":{"start":{"line":43,"column":15},"end":{"line":43,"column":116}},"type":"cond-expr","locations":[{"start":{"line":43,"column":30},"end":{"line":43,"column":55}},{"start":{"line":43,"column":58},"end":{"line":43,"column":116}}],"line":43},"2":{"loc":{"start":{"line":95,"column":10},"end":{"line":95,"column":114}},"type":"cond-expr","locations":[{"start":{"line":95,"column":45},"end":{"line":95,"column":64}},{"start":{"line":95,"column":67},"end":{"line":95,"column":114}}],"line":95}},"s":{"0":3,"1":8,"2":3,"3":3,"4":3,"5":8,"6":3,"7":3,"8":3,"9":3,"10":8,"11":8,"12":8,"13":8,"14":8,"15":8,"16":0,"17":0,"18":1,"19":1,"20":1,"21":13,"22":13},"f":{"0":8,"1":8,"2":8,"3":0,"4":0,"5":1,"6":1,"7":13},"b":{"0":[0,8],"1":[6,2],"2":[10,3]},"_coverageSchema":"1a1c01bbd47fc00a2c39e90264f33305004495a9","hash":"413539a2ab755405f9b90ed959f69742d7543d53"}
}
