{"/Users/whisly/Documents/HR/FEC/Tony_AirBnB_Service/client/components/App.jsx": {"path":"/Users/whisly/Documents/HR/FEC/Tony_AirBnB_Service/client/components/App.jsx","statementMap":{"0":{"start":{"line":7,"column":4},"end":{"line":7,"column":16}},"1":{"start":{"line":9,"column":4},"end":{"line":12,"column":5}},"2":{"start":{"line":14,"column":4},"end":{"line":14,"column":63}},"3":{"start":{"line":15,"column":4},"end":{"line":15,"column":49}},"4":{"start":{"line":16,"column":4},"end":{"line":16,"column":55}},"5":{"start":{"line":20,"column":4},"end":{"line":20,"column":41}},"6":{"start":{"line":24,"column":4},"end":{"line":24,"column":38}},"7":{"start":{"line":28,"column":4},"end":{"line":33,"column":39}},"8":{"start":{"line":30,"column":6},"end":{"line":30,"column":26}},"9":{"start":{"line":31,"column":6},"end":{"line":31,"column":46}},"10":{"start":{"line":33,"column":20},"end":{"line":33,"column":38}},"11":{"start":{"line":37,"column":4},"end":{"line":37,"column":25}},"12":{"start":{"line":41,"column":4},"end":{"line":50,"column":5}}},"fnMap":{"0":{"name":"(anonymous_0)","decl":{"start":{"line":6,"column":2},"end":{"line":6,"column":3}},"loc":{"start":{"line":6,"column":20},"end":{"line":17,"column":3}},"line":6},"1":{"name":"(anonymous_1)","decl":{"start":{"line":19,"column":2},"end":{"line":19,"column":3}},"loc":{"start":{"line":19,"column":28},"end":{"line":21,"column":3}},"line":19},"2":{"name":"(anonymous_2)","decl":{"start":{"line":23,"column":2},"end":{"line":23,"column":3}},"loc":{"start":{"line":23,"column":15},"end":{"line":25,"column":3}},"line":23},"3":{"name":"(anonymous_3)","decl":{"start":{"line":27,"column":2},"end":{"line":27,"column":3}},"loc":{"start":{"line":27,"column":18},"end":{"line":34,"column":3}},"line":27},"4":{"name":"(anonymous_4)","decl":{"start":{"line":29,"column":10},"end":{"line":29,"column":11}},"loc":{"start":{"line":29,"column":20},"end":{"line":32,"column":5}},"line":29},"5":{"name":"(anonymous_5)","decl":{"start":{"line":33,"column":11},"end":{"line":33,"column":12}},"loc":{"start":{"line":33,"column":20},"end":{"line":33,"column":38}},"line":33},"6":{"name":"(anonymous_6)","decl":{"start":{"line":36,"column":2},"end":{"line":36,"column":3}},"loc":{"start":{"line":36,"column":22},"end":{"line":38,"column":3}},"line":36},"7":{"name":"(anonymous_7)","decl":{"start":{"line":40,"column":2},"end":{"line":40,"column":3}},"loc":{"start":{"line":40,"column":11},"end":{"line":51,"column":3}},"line":40}},"branchMap":{},"s":{"0":2,"1":2,"2":2,"3":2,"4":2,"5":0,"6":0,"7":2,"8":0,"9":0,"10":0,"11":3,"12":3},"f":{"0":2,"1":0,"2":0,"3":2,"4":0,"5":0,"6":3,"7":3},"b":{},"_coverageSchema":"1a1c01bbd47fc00a2c39e90264f33305004495a9","hash":"920da1c51387fcefe40701ec0b30cb2a27f3e335"}
,"/Users/whisly/Documents/HR/FEC/Tony_AirBnB_Service/client/components/Overview.jsx": {"path":"/Users/whisly/Documents/HR/FEC/Tony_AirBnB_Service/client/components/Overview.jsx","statementMap":{"0":{"start":{"line":6,"column":22},"end":{"line":12,"column":1}},"1":{"start":{"line":14,"column":21},"end":{"line":21,"column":1}},"2":{"start":{"line":23,"column":19},"end":{"line":27,"column":1}},"3":{"start":{"line":30,"column":17},"end":{"line":45,"column":1}},"4":{"start":{"line":32,"column":2},"end":{"line":44,"column":3}}},"fnMap":{"0":{"name":"(anonymous_0)","decl":{"start":{"line":30,"column":17},"end":{"line":30,"column":18}},"loc":{"start":{"line":30,"column":28},"end":{"line":45,"column":1}},"line":30}},"branchMap":{},"s":{"0":2,"1":2,"2":2,"3":2,"4":4},"f":{"0":4},"b":{},"_coverageSchema":"1a1c01bbd47fc00a2c39e90264f33305004495a9","hash":"b684d04ef3c13fbebd9a23ec006daffe8e237f6b"}
,"/Users/whisly/Documents/HR/FEC/Tony_AirBnB_Service/client/components/ReviewsSummary.jsx": {"path":"/Users/whisly/Documents/HR/FEC/Tony_AirBnB_Service/client/components/ReviewsSummary.jsx","statementMap":{"0":{"start":{"line":4,"column":20},"end":{"line":8,"column":1}},"1":{"start":{"line":10,"column":16},"end":{"line":17,"column":1}},"2":{"start":{"line":19,"column":14},"end":{"line":23,"column":1}},"3":{"start":{"line":25,"column":16},"end":{"line":33,"column":1}},"4":{"start":{"line":35,"column":18},"end":{"line":38,"column":1}},"5":{"start":{"line":40,"column":18},"end":{"line":45,"column":1}},"6":{"start":{"line":47,"column":20},"end":{"line":49,"column":1}},"7":{"start":{"line":51,"column":23},"end":{"line":70,"column":1}},"8":{"start":{"line":53,"column":2},"end":{"line":69,"column":3}}},"fnMap":{"0":{"name":"(anonymous_0)","decl":{"start":{"line":51,"column":23},"end":{"line":51,"column":24}},"loc":{"start":{"line":51,"column":34},"end":{"line":70,"column":1}},"line":51}},"branchMap":{},"s":{"0":2,"1":2,"2":2,"3":2,"4":2,"5":2,"6":2,"7":2,"8":3},"f":{"0":3},"b":{},"_coverageSchema":"1a1c01bbd47fc00a2c39e90264f33305004495a9","hash":"b3cfb18dba5d92bfb9d6905495e362280bcdeba1"}
,"/Users/whisly/Documents/HR/FEC/Tony_AirBnB_Service/client/components/SearchReview.jsx": {"path":"/Users/whisly/Documents/HR/FEC/Tony_AirBnB_Service/client/components/SearchReview.jsx","statementMap":{"0":{"start":{"line":5,"column":19},"end":{"line":13,"column":1}},"1":{"start":{"line":7,"column":31},"end":{"line":7,"column":62}},"2":{"start":{"line":15,"column":20},"end":{"line":22,"column":1}},"3":{"start":{"line":24,"column":19},"end":{"line":33,"column":1}},"4":{"start":{"line":35,"column":19},"end":{"line":45,"column":1}},"5":{"start":{"line":43,"column":14},"end":{"line":43,"column":115}},"6":{"start":{"line":47,"column":0},"end":{"line":47,"column":40}},"7":{"start":{"line":48,"column":0},"end":{"line":48,"column":38}},"8":{"start":{"line":49,"column":0},"end":{"line":49,"column":38}},"9":{"start":{"line":50,"column":0},"end":{"line":50,"column":38}},"10":{"start":{"line":54,"column":4},"end":{"line":54,"column":16}},"11":{"start":{"line":56,"column":4},"end":{"line":58,"column":5}},"12":{"start":{"line":60,"column":4},"end":{"line":60,"column":55}},"13":{"start":{"line":61,"column":4},"end":{"line":61,"column":53}},"14":{"start":{"line":62,"column":4},"end":{"line":62,"column":53}},"15":{"start":{"line":63,"column":4},"end":{"line":63,"column":63}},"16":{"start":{"line":68,"column":4},"end":{"line":68,"column":37}},"17":{"start":{"line":72,"column":4},"end":{"line":72,"column":38}},"18":{"start":{"line":76,"column":4},"end":{"line":76,"column":53}},"19":{"start":{"line":80,"column":4},"end":{"line":80,"column":28}},"20":{"start":{"line":84,"column":18},"end":{"line":84,"column":38}},"21":{"start":{"line":85,"column":4},"end":{"line":93,"column":5}}},"fnMap":{"0":{"name":"(anonymous_0)","decl":{"start":{"line":7,"column":22},"end":{"line":7,"column":23}},"loc":{"start":{"line":7,"column":31},"end":{"line":7,"column":62}},"line":7},"1":{"name":"(anonymous_1)","decl":{"start":{"line":43,"column":5},"end":{"line":43,"column":6}},"loc":{"start":{"line":43,"column":14},"end":{"line":43,"column":115}},"line":43},"2":{"name":"(anonymous_2)","decl":{"start":{"line":53,"column":2},"end":{"line":53,"column":3}},"loc":{"start":{"line":53,"column":21},"end":{"line":64,"column":3}},"line":53},"3":{"name":"(anonymous_3)","decl":{"start":{"line":67,"column":2},"end":{"line":67,"column":3}},"loc":{"start":{"line":67,"column":18},"end":{"line":69,"column":3}},"line":67},"4":{"name":"(anonymous_4)","decl":{"start":{"line":71,"column":2},"end":{"line":71,"column":3}},"loc":{"start":{"line":71,"column":17},"end":{"line":73,"column":3}},"line":71},"5":{"name":"(anonymous_5)","decl":{"start":{"line":75,"column":2},"end":{"line":75,"column":3}},"loc":{"start":{"line":75,"column":22},"end":{"line":77,"column":3}},"line":75},"6":{"name":"(anonymous_6)","decl":{"start":{"line":79,"column":2},"end":{"line":79,"column":3}},"loc":{"start":{"line":79,"column":21},"end":{"line":81,"column":3}},"line":79},"7":{"name":"(anonymous_7)","decl":{"start":{"line":83,"column":2},"end":{"line":83,"column":3}},"loc":{"start":{"line":83,"column":11},"end":{"line":94,"column":3}},"line":83}},"branchMap":{"0":{"loc":{"start":{"line":7,"column":31},"end":{"line":7,"column":62}},"type":"cond-expr","locations":[{"start":{"line":7,"column":47},"end":{"line":7,"column":53}},{"start":{"line":7,"column":56},"end":{"line":7,"column":62}}],"line":7},"1":{"loc":{"start":{"line":43,"column":14},"end":{"line":43,"column":115}},"type":"cond-expr","locations":[{"start":{"line":43,"column":29},"end":{"line":43,"column":54}},{"start":{"line":43,"column":57},"end":{"line":43,"column":115}}],"line":43},"2":{"loc":{"start":{"line":90,"column":10},"end":{"line":90,"column":114}},"type":"cond-expr","locations":[{"start":{"line":90,"column":45},"end":{"line":90,"column":63}},{"start":{"line":90,"column":66},"end":{"line":90,"column":114}}],"line":90}},"s":{"0":2,"1":3,"2":2,"3":2,"4":2,"5":3,"6":2,"7":2,"8":2,"9":2,"10":2,"11":2,"12":2,"13":2,"14":2,"15":2,"16":0,"17":0,"18":0,"19":0,"20":3,"21":3},"f":{"0":3,"1":3,"2":2,"3":0,"4":0,"5":0,"6":0,"7":3},"b":{"0":[0,3],"1":[3,0],"2":[3,0]},"_coverageSchema":"1a1c01bbd47fc00a2c39e90264f33305004495a9","hash":"917fe08aa14e16a5cbf883a66506eafc1f7eb34f"}
}
