TN:
SF:client/components/App.jsx
FN:6,(anonymous_0)
FN:19,(anonymous_1)
FN:23,(anonymous_2)
FN:27,(anonymous_3)
FN:29,(anonymous_4)
FN:33,(anonymous_5)
FN:36,(anonymous_6)
FN:40,(anonymous_7)
FNF:8
FNH:4
FNDA:2,(anonymous_0)
FNDA:0,(anonymous_1)
FNDA:0,(anonymous_2)
FNDA:2,(anonymous_3)
FNDA:0,(anonymous_4)
FNDA:0,(anonymous_5)
FNDA:3,(anonymous_6)
FNDA:3,(anonymous_7)
DA:7,2
DA:9,2
DA:14,2
DA:15,2
DA:16,2
DA:20,0
DA:24,0
DA:28,2
DA:30,0
DA:31,0
DA:33,0
DA:37,3
DA:41,3
LF:13
LH:8
BRF:0
BRH:0
end_of_record
TN:
SF:client/components/Overview.jsx
FN:30,(anonymous_0)
FNF:1
FNH:1
FNDA:4,(anonymous_0)
DA:6,2
DA:14,2
DA:23,2
DA:30,2
DA:32,4
LF:5
LH:5
BRF:0
BRH:0
end_of_record
TN:
SF:client/components/ReviewsSummary.jsx
FN:51,(anonymous_0)
FNF:1
FNH:1
FNDA:3,(anonymous_0)
DA:4,2
DA:10,2
DA:19,2
DA:25,2
DA:35,2
DA:40,2
DA:47,2
DA:51,2
DA:53,3
LF:9
LH:9
BRF:0
BRH:0
end_of_record
TN:
SF:client/components/SearchReview.jsx
FN:7,(anonymous_0)
FN:43,(anonymous_1)
FN:53,(anonymous_2)
FN:67,(anonymous_3)
FN:71,(anonymous_4)
FN:75,(anonymous_5)
FN:79,(anonymous_6)
FN:83,(anonymous_7)
FNF:8
FNH:4
FNDA:3,(anonymous_0)
FNDA:3,(anonymous_1)
FNDA:2,(anonymous_2)
FNDA:0,(anonymous_3)
FNDA:0,(anonymous_4)
FNDA:0,(anonymous_5)
FNDA:0,(anonymous_6)
FNDA:3,(anonymous_7)
DA:5,2
DA:7,3
DA:15,2
DA:24,2
DA:35,2
DA:43,3
DA:47,2
DA:48,2
DA:49,2
DA:50,2
DA:54,2
DA:56,2
DA:60,2
DA:61,2
DA:62,2
DA:63,2
DA:68,0
DA:72,0
DA:76,0
DA:80,0
DA:84,3
DA:85,3
LF:22
LH:18
BRDA:7,0,0,0
BRDA:7,0,1,3
BRDA:43,1,0,3
BRDA:43,1,1,0
BRDA:90,2,0,3
BRDA:90,2,1,0
BRF:6
BRH:3
end_of_record
