TN:
SF:client/components/App.jsx
FN:6,(anonymous_0)
FN:19,(anonymous_1)
FN:23,(anonymous_2)
FN:27,(anonymous_3)
FN:29,(anonymous_4)
FN:33,(anonymous_5)
FN:36,(anonymous_6)
FN:40,(anonymous_7)
FNF:8
FNH:4
FNDA:4,(anonymous_0)
FNDA:0,(anonymous_1)
FNDA:0,(anonymous_2)
FNDA:4,(anonymous_3)
FNDA:0,(anonymous_4)
FNDA:0,(anonymous_5)
FNDA:5,(anonymous_6)
FNDA:8,(anonymous_7)
DA:7,4
DA:9,4
DA:14,4
DA:15,4
DA:16,4
DA:20,0
DA:24,0
DA:28,4
DA:30,0
DA:31,0
DA:33,0
DA:37,5
DA:41,8
LF:13
LH:8
BRF:0
BRH:0
end_of_record
TN:
SF:client/components/Overview.jsx
FN:30,(anonymous_0)
FNF:1
FNH:1
FNDA:9,(anonymous_0)
DA:6,3
DA:14,3
DA:23,3
DA:30,3
DA:32,9
LF:5
LH:5
BRF:0
BRH:0
end_of_record
TN:
SF:client/components/ReviewsSummary.jsx
FN:51,(anonymous_0)
FNF:1
FNH:1
FNDA:8,(anonymous_0)
DA:4,3
DA:10,3
DA:19,3
DA:25,3
DA:35,3
DA:40,3
DA:47,3
DA:51,3
DA:53,8
LF:9
LH:9
BRF:0
BRH:0
end_of_record
TN:
SF:client/components/SearchReview.jsx
FN:7,(anonymous_0)
FN:43,(anonymous_1)
FN:53,(anonymous_2)
FN:67,(anonymous_3)
FN:71,(anonymous_4)
FN:75,(anonymous_5)
FN:79,(anonymous_6)
FN:83,(anonymous_7)
FNF:8
FNH:6
FNDA:8,(anonymous_0)
FNDA:8,(anonymous_1)
FNDA:8,(anonymous_2)
FNDA:0,(anonymous_3)
FNDA:0,(anonymous_4)
FNDA:1,(anonymous_5)
FNDA:1,(anonymous_6)
FNDA:13,(anonymous_7)
DA:5,3
DA:7,8
DA:15,3
DA:24,3
DA:35,3
DA:43,8
DA:47,3
DA:48,3
DA:49,3
DA:50,3
DA:54,8
DA:56,8
DA:60,8
DA:61,8
DA:62,8
DA:63,8
DA:68,0
DA:72,0
DA:76,1
DA:80,1
DA:84,13
DA:85,13
LF:22
LH:20
BRDA:7,0,0,0
BRDA:7,0,1,8
BRDA:43,1,0,6
BRDA:43,1,1,2
BRDA:90,2,0,10
BRDA:90,2,1,3
BRF:6
BRH:5
end_of_record
